{"/Users/leilaniheather/dev-academy/EasyPet/client/apis/apiClient.js": {"path":"/Users/leilaniheather/dev-academy/EasyPet/client/apis/apiClient.js","statementMap":{"0":{"start":{"line":2,"column":19},"end":{"line":2,"column":37}},"1":{"start":{"line":5,"column":2},"end":{"line":10,"column":6}},"2":{"start":{"line":8,"column":6},"end":{"line":8,"column":21}},"3":{"start":{"line":9,"column":6},"end":{"line":9,"column":17}}},"fnMap":{"0":{"name":"sendContactFormMessage","decl":{"start":{"line":4,"column":16},"end":{"line":4,"column":38}},"loc":{"start":{"line":4,"column":53},"end":{"line":11,"column":1}},"line":4},"1":{"name":"(anonymous_1)","decl":{"start":{"line":7,"column":10},"end":{"line":7,"column":11}},"loc":{"start":{"line":7,"column":17},"end":{"line":10,"column":5}},"line":7}},"branchMap":{},"s":{"0":1,"1":1,"2":0,"3":0},"f":{"0":1,"1":0},"b":{},"_coverageSchema":"1a1c01bbd47fc00a2c39e90264f33305004495a9","hash":"e27ecf1a84afa329a287e312762b3db2b52b90b4"}
}
